<?xml version="1.0" encoding="UTF-8"?>
<!-- Generated by org.testng.reporters.JUnitReportReporter -->
<testsuite hostname="DESKTOP-2QG4FP1" failures="0" tests="3" name="lambdaTestSelenium.lambdaTestSeleniumMac" time="41.114" errors="0" timestamp="2024-04-22T18:50:52 IST" skipped="0">
  <testcase classname="lambdaTestSelenium.lambdaTestSeleniumMac" name="testScenario2" time="8.236"/>
  <testcase classname="lambdaTestSelenium.lambdaTestSeleniumMac" name="testScenario3" time="22.907"/>
  <testcase classname="lambdaTestSelenium.lambdaTestSeleniumMac" name="testScenario1" time="9.971"/>
</testsuite> <!-- lambdaTestSelenium.lambdaTestSeleniumMac -->
