<?xml version="1.0" encoding="UTF-8"?>
<!-- Generated by org.testng.reporters.JUnitReportReporter -->
<testsuite hostname="DESKTOP-2QG4FP1" failures="0" tests="3" name="lambdaTestSelenium.lambdaTestSelenium" time="34.484" errors="0" timestamp="2024-04-22T18:13:22 IST" skipped="0">
  <testcase classname="lambdaTestSelenium.lambdaTestSelenium" name="testScenario3" time="23.922"/>
  <testcase classname="lambdaTestSelenium.lambdaTestSelenium" name="testScenario2" time="3.847"/>
  <testcase classname="lambdaTestSelenium.lambdaTestSelenium" name="testScenario1" time="6.715"/>
</testsuite> <!-- lambdaTestSelenium.lambdaTestSelenium -->
