<?xml version="1.0" encoding="UTF-8"?>
<!-- Generated by org.testng.reporters.JUnitReportReporter -->
<testsuite hostname="DESKTOP-2QG4FP1" failures="0" tests="3" name="lambdaTestSelenium.lambdaTestSelenium" time="32.131" errors="0" timestamp="2024-04-22T23:44:00 IST" skipped="0">
  <testcase classname="lambdaTestSelenium.lambdaTestSelenium" name="testScenario2" time="3.568"/>
  <testcase classname="lambdaTestSelenium.lambdaTestSelenium" name="testScenario3" time="22.076"/>
  <testcase classname="lambdaTestSelenium.lambdaTestSelenium" name="testScenario1" time="6.487"/>
</testsuite> <!-- lambdaTestSelenium.lambdaTestSelenium -->
